running build
running config_cc
unifing config_cc, config, build_clib, build_ext, build commands --compiler options
running config_fc
unifing config_fc, config, build_clib, build_ext, build commands --fcompiler options
running build_src
build_src
building extension "ummdp_yfunc_bbc2005" sources
f2py options: []
f2py:> C:\Users\Miguel\AppData\Local\Temp\tmpugfheuk6\src.win-amd64-3.8\ummdp_yfunc_bbc2005module.c
creating C:\Users\Miguel\AppData\Local\Temp\tmpugfheuk6\src.win-amd64-3.8
Reading fortran codes...
	Reading file 'ummdp_yfunc_bbc2005.f' (format:fix,strict)
Post-processing...
	Block: ummdp_yfunc_bbc2005
In: :ummdp_yfunc_bbc2005:ummdp_yfunc_bbc2005.f:jancae_bbc2005
determineexprtype: could not determine expressions ('n                            se') type.
{'attrspec': ['dimension(6)', 'intent(in)']}
In: :ummdp_yfunc_bbc2005:ummdp_yfunc_bbc2005.f:jancae_bbc2005
vars2fortran: No typespec for argument "stress".
{'attrspec': ['intent(in)']}
In: :ummdp_yfunc_bbc2005:ummdp_yfunc_bbc2005.f:jancae_bbc2005
vars2fortran: No typespec for argument "ndyld".
{'attrspec': ['dimension(ndyld)', 'intent(in)', 'depend(ndyld)']}
In: :ummdp_yfunc_bbc2005:ummdp_yfunc_bbc2005.f:jancae_bbc2005
vars2fortran: No typespec for argument "pryld".
{}
In: :ummdp_yfunc_bbc2005:ummdp_yfunc_bbc2005.f:jancae_bbc2005
vars2fortran: No typespec for argument "e_n____________________________se_e".
{'attrspec': ['dimension(3)', 'intent(out)', 'depend(3)']}
In: :ummdp_yfunc_bbc2005:ummdp_yfunc_bbc2005.f:jancae_bbc2005
vars2fortran: No typespec for argument "dseds".
			Block: jancae_bbc2005
In: :ummdp_yfunc_bbc2005:ummdp_yfunc_bbc2005.f:jancae_bbc2005
determineexprtype: could not determine expressions ('n                            se') type.
			Block: fact
Post-processing (stage 2)...
Building modules...
	Building module "ummdp_yfunc_bbc2005"...
		Constructing wrapper function "jancae_bbc2005"...
		  dseds = jancae_bbc2005(stress,ndyld,pryld,e_n____________________________se_er)
		Creating wrapper for Fortran function "fact"("fact")...
		Constructing wrapper function "fact"...
		  m = fact(n)
	Wrote C/API module "ummdp_yfunc_bbc2005" to file "C:\Users\Miguel\AppData\Local\Temp\tmpugfheuk6\src.win-amd64-3.8\ummdp_yfunc_bbc2005module.c"
	Fortran 77 wrappers are saved to "C:\Users\Miguel\AppData\Local\Temp\tmpugfheuk6\src.win-amd64-3.8\ummdp_yfunc_bbc2005-f2pywrappers.f"
  adding 'C:\Users\Miguel\AppData\Local\Temp\tmpugfheuk6\src.win-amd64-3.8\fortranobject.c' to sources.
  adding 'C:\Users\Miguel\AppData\Local\Temp\tmpugfheuk6\src.win-amd64-3.8' to include_dirs.
copying C:\Users\Miguel\miniconda3\lib\site-packages\numpy\f2py\src\fortranobject.c -> C:\Users\Miguel\AppData\Local\Temp\tmpugfheuk6\src.win-amd64-3.8
copying C:\Users\Miguel\miniconda3\lib\site-packages\numpy\f2py\src\fortranobject.h -> C:\Users\Miguel\AppData\Local\Temp\tmpugfheuk6\src.win-amd64-3.8
  adding 'C:\Users\Miguel\AppData\Local\Temp\tmpugfheuk6\src.win-amd64-3.8\ummdp_yfunc_bbc2005-f2pywrappers.f' to sources.
build_src: building npy-pkg config files
running build_ext
No module named 'numpy.distutils._msvccompiler' in numpy.distutils; trying from distutils
customize MSVCCompiler
customize MSVCCompiler using build_ext
customize IntelEM64VisualFCompiler
Found executable C:\Program Files (x86)\Intel\oneAPI\compiler\2021.2.0\windows\bin\intel64\ifort.exe
Could not locate executable C:\Program
customize IntelEM64VisualFCompiler using build_ext
building 'ummdp_yfunc_bbc2005' extension
compiling C sources
creating C:\Users\Miguel\AppData\Local\Temp\tmpugfheuk6\Release\Users
creating C:\Users\Miguel\AppData\Local\Temp\tmpugfheuk6\Release\Users\Miguel
creating C:\Users\Miguel\AppData\Local\Temp\tmpugfheuk6\Release\Users\Miguel\AppData
creating C:\Users\Miguel\AppData\Local\Temp\tmpugfheuk6\Release\Users\Miguel\AppData\Local
creating C:\Users\Miguel\AppData\Local\Temp\tmpugfheuk6\Release\Users\Miguel\AppData\Local\Temp
creating C:\Users\Miguel\AppData\Local\Temp\tmpugfheuk6\Release\Users\Miguel\AppData\Local\Temp\tmpugfheuk6
creating C:\Users\Miguel\AppData\Local\Temp\tmpugfheuk6\Release\Users\Miguel\AppData\Local\Temp\tmpugfheuk6\src.win-amd64-3.8
C:\Program Files (x86)\Microsoft Visual Studio\2019\Community\VC\Tools\MSVC\14.29.30133\bin\HostX86\x64\cl.exe /c /nologo /Ox /W3 /GL /DNDEBUG /MD -DNPY_DISABLE_OPTIMIZATION=1 -IC:\Users\Miguel\AppData\Local\Temp\tmpugfheuk6\src.win-amd64-3.8 -IC:\Users\Miguel\miniconda3\lib\site-packages\numpy\core\include -IC:\Users\Miguel\miniconda3\include -IC:\Users\Miguel\miniconda3\include -IC:\Program Files (x86)\Microsoft Visual Studio\2019\Community\VC\Tools\MSVC\14.29.30133\ATLMFC\include -IC:\Program Files (x86)\Microsoft Visual Studio\2019\Community\VC\Tools\MSVC\14.29.30133\include -IC:\Program Files (x86)\Windows Kits\NETFXSDK\4.6.1\include\um -IC:\Program Files (x86)\Windows Kits\10\include\10.0.19041.0\ucrt -IC:\Program Files (x86)\Windows Kits\10\include\10.0.19041.0\shared -IC:\Program Files (x86)\Windows Kits\10\include\10.0.19041.0\um -IC:\Program Files (x86)\Windows Kits\10\include\10.0.19041.0\winrt -IC:\Program Files (x86)\Windows Kits\10\include\10.0.19041.0\cppwinrt -IC:\Program Files (x86)\Intel\oneAPI\compiler\2021.2.0\windows\include -IC:\Program Files (x86)\Intel\oneAPI\compiler\2021.2.0\windows\compiler\include -IC:\Program Files (x86)\Intel\oneAPI\compiler\2021.2.0\windows\compiler\include\intel64 -IC:\Program Files (x86)\Microsoft Visual Studio\2019\Community\VC\Tools\MSVC\14.29.30133\ATLMFC\include -IC:\Program Files (x86)\Microsoft Visual Studio\2019\Community\VC\Tools\MSVC\14.29.30133\include -IC:\Program Files (x86)\Windows Kits\NETFXSDK\4.6.1\include\um -IC:\Program Files (x86)\Windows Kits\10\include\10.0.19041.0\ucrt -IC:\Program Files (x86)\Windows Kits\10\include\10.0.19041.0\shared -IC:\Program Files (x86)\Windows Kits\10\include\10.0.19041.0\um -IC:\Program Files (x86)\Windows Kits\10\include\10.0.19041.0\winrt -IC:\Program Files (x86)\Windows Kits\10\include\10.0.19041.0\cppwinrt /TcC:\Users\Miguel\AppData\Local\Temp\tmpugfheuk6\src.win-amd64-3.8\ummdp_yfunc_bbc2005module.c /FoC:\Users\Miguel\AppData\Local\Temp\tmpugfheuk6\Release\Users\Miguel\AppData\Local\Temp\tmpugfheuk6\src.win-amd64-3.8\ummdp_yfunc_bbc2005module.obj
C:\Program Files (x86)\Microsoft Visual Studio\2019\Community\VC\Tools\MSVC\14.29.30133\bin\HostX86\x64\cl.exe /c /nologo /Ox /W3 /GL /DNDEBUG /MD -DNPY_DISABLE_OPTIMIZATION=1 -IC:\Users\Miguel\AppData\Local\Temp\tmpugfheuk6\src.win-amd64-3.8 -IC:\Users\Miguel\miniconda3\lib\site-packages\numpy\core\include -IC:\Users\Miguel\miniconda3\include -IC:\Users\Miguel\miniconda3\include -IC:\Program Files (x86)\Microsoft Visual Studio\2019\Community\VC\Tools\MSVC\14.29.30133\ATLMFC\include -IC:\Program Files (x86)\Microsoft Visual Studio\2019\Community\VC\Tools\MSVC\14.29.30133\include -IC:\Program Files (x86)\Windows Kits\NETFXSDK\4.6.1\include\um -IC:\Program Files (x86)\Windows Kits\10\include\10.0.19041.0\ucrt -IC:\Program Files (x86)\Windows Kits\10\include\10.0.19041.0\shared -IC:\Program Files (x86)\Windows Kits\10\include\10.0.19041.0\um -IC:\Program Files (x86)\Windows Kits\10\include\10.0.19041.0\winrt -IC:\Program Files (x86)\Windows Kits\10\include\10.0.19041.0\cppwinrt -IC:\Program Files (x86)\Intel\oneAPI\compiler\2021.2.0\windows\include -IC:\Program Files (x86)\Intel\oneAPI\compiler\2021.2.0\windows\compiler\include -IC:\Program Files (x86)\Intel\oneAPI\compiler\2021.2.0\windows\compiler\include\intel64 -IC:\Program Files (x86)\Microsoft Visual Studio\2019\Community\VC\Tools\MSVC\14.29.30133\ATLMFC\include -IC:\Program Files (x86)\Microsoft Visual Studio\2019\Community\VC\Tools\MSVC\14.29.30133\include -IC:\Program Files (x86)\Windows Kits\NETFXSDK\4.6.1\include\um -IC:\Program Files (x86)\Windows Kits\10\include\10.0.19041.0\ucrt -IC:\Program Files (x86)\Windows Kits\10\include\10.0.19041.0\shared -IC:\Program Files (x86)\Windows Kits\10\include\10.0.19041.0\um -IC:\Program Files (x86)\Windows Kits\10\include\10.0.19041.0\winrt -IC:\Program Files (x86)\Windows Kits\10\include\10.0.19041.0\cppwinrt /TcC:\Users\Miguel\AppData\Local\Temp\tmpugfheuk6\src.win-amd64-3.8\fortranobject.c /FoC:\Users\Miguel\AppData\Local\Temp\tmpugfheuk6\Release\Users\Miguel\AppData\Local\Temp\tmpugfheuk6\src.win-amd64-3.8\fortranobject.obj
compiling Fortran sources
Fortran f77 compiler: C:\Program Files (x86)\Intel\oneAPI\compiler\2021.2.0\windows\bin\intel64\ifort.exe Files (x86)\Intel\oneAPI\compiler\2021.2.0\windows\bin\intel64\ifort.exe /nologo /MD /nbs /names:lowercase /assume:underscore /heap-arrays:0
Fortran f90 compiler: C:\Program Files (x86)\Intel\oneAPI\compiler\2021.2.0\windows\bin\intel64\ifort.exe Files (x86)\Intel\oneAPI\compiler\2021.2.0\windows\bin\intel64\ifort.exe /nologo /MD /nbs /names:lowercase /assume:underscore /heap-arrays:0
Fortran fix compiler: C:\Program Files (x86)\Intel\oneAPI\compiler\2021.2.0\windows\bin\intel64\ifort.exe Files (x86)\Intel\oneAPI\compiler\2021.2.0\windows\bin\intel64\ifort.exe /nologo /MD /nbs /names:lowercase /assume:underscore /heap-arrays:0
compile options: '-IC:\Users\Miguel\AppData\Local\Temp\tmpugfheuk6\src.win-amd64-3.8 -IC:\Users\Miguel\miniconda3\lib\site-packages\numpy\core\include -IC:\Users\Miguel\miniconda3\include -IC:\Users\Miguel\miniconda3\include -c'
ifort.exe:f77: ummdp_yfunc_bbc2005.f
ifort.exe:f77: C:\Users\Miguel\AppData\Local\Temp\tmpugfheuk6\src.win-amd64-3.8\ummdp_yfunc_bbc2005-f2pywrappers.f
ifort: command line warning #10161: unrecognized source type 'Files'; object file assumed
ifort: command line warning #10161: unrecognized source type '(x86)\Intel\oneAPI\compiler\2021.2.0\windows\bin\intel64\ifort.exe'; object file assumed
ifort: command line warning #10006: ignoring unknown option '/c '
ifort: command line warning #10161: unrecognized source type 'Files'; object file assumed
ifort: command line warning #10161: unrecognized source type '(x86)\Intel\oneAPI\compiler\2021.2.0\windows\bin\intel64\ifort.exe'; object file assumed
ifort: command line warning #10006: ignoring unknown option '/c '
ifort: warning #10145: no action performed for file 'Files'
ifort: warning #10145: no action performed for file '(x86)\Intel\oneAPI\compiler\2021.2.0\windows\bin\intel64\ifort.exe'
ifort: warning #10145: no action performed for file 'Files'
ifort: warning #10145: no action performed for file '(x86)\Intel\oneAPI\compiler\2021.2.0\windows\bin\intel64\ifort.exe'
C:\Program Files (x86)\Microsoft Visual Studio\2019\Community\VC\Tools\MSVC\14.29.30133\bin\HostX86\x64\link.exe /nologo /INCREMENTAL:NO /LTCG /DLL /MANIFEST:EMBED,ID=2 /MANIFESTUAC:NO /LIBPATH:C:\Users\Miguel\miniconda3\libs /LIBPATH:C:\Users\Miguel\miniconda3\PCbuild\amd64 /LIBPATH:C:\Users\Miguel\miniconda3\libs /LIBPATH:C:\Users\Miguel\miniconda3\PCbuild\amd64 /LIBPATH:C:\Program Files (x86)\Microsoft Visual Studio\2019\Community\VC\Tools\MSVC\14.29.30133\ATLMFC\lib\x64 /LIBPATH:C:\Program Files (x86)\Microsoft Visual Studio\2019\Community\VC\Tools\MSVC\14.29.30133\lib\x64 /LIBPATH:C:\Program Files (x86)\Windows Kits\NETFXSDK\4.6.1\lib\um\x64 /LIBPATH:C:\Program Files (x86)\Windows Kits\10\lib\10.0.19041.0\ucrt\x64 /LIBPATH:C:\Program Files (x86)\Windows Kits\10\lib\10.0.19041.0\um\x64 /LIBPATH:C:\Program Files (x86)\Intel\oneAPI\compiler\2021.2.0\windows\compiler\lib /LIBPATH:C:\Program Files (x86)\Intel\oneAPI\compiler\2021.2.0\windows\compiler\lib\intel64_win /LIBPATH:C:\Program Files (x86)\Intel\oneAPI\compiler\2021.2.0\windows\lib /LIBPATH:C:\Program Files (x86)\Intel\oneAPI\compiler\2021.2.0\windows\lib\x64 /LIBPATH:C:\Program Files (x86)\Microsoft Visual Studio\2019\Community\VC\Tools\MSVC\14.29.30133\ATLMFC\lib\x64 /LIBPATH:C:\Program Files (x86)\Microsoft Visual Studio\2019\Community\VC\Tools\MSVC\14.29.30133\lib\x64 /LIBPATH:C:\Program Files (x86)\Windows Kits\NETFXSDK\4.6.1\lib\um\x64 /LIBPATH:C:\Program Files (x86)\Windows Kits\10\lib\10.0.19041.0\ucrt\x64 /LIBPATH:C:\Program Files (x86)\Windows Kits\10\lib\10.0.19041.0\um\x64 /EXPORT:PyInit_ummdp_yfunc_bbc2005 C:\Users\Miguel\AppData\Local\Temp\tmpugfheuk6\Release\Users\Miguel\AppData\Local\Temp\tmpugfheuk6\src.win-amd64-3.8\ummdp_yfunc_bbc2005module.obj C:\Users\Miguel\AppData\Local\Temp\tmpugfheuk6\Release\Users\Miguel\AppData\Local\Temp\tmpugfheuk6\src.win-amd64-3.8\fortranobject.obj C:\Users\Miguel\AppData\Local\Temp\tmpugfheuk6\Release\ummdp_yfunc_bbc2005.o C:\Users\Miguel\AppData\Local\Temp\tmpugfheuk6\Release\Users\Miguel\AppData\Local\Temp\tmpugfheuk6\src.win-amd64-3.8\ummdp_yfunc_bbc2005-f2pywrappers.o /OUT:.\ummdp_yfunc_bbc2005.cp38-win_amd64.pyd /IMPLIB:C:\Users\Miguel\AppData\Local\Temp\tmpugfheuk6\Release\Users\Miguel\AppData\Local\Temp\tmpugfheuk6\src.win-amd64-3.8\ummdp_yfunc_bbc2005.cp38-win_amd64.lib
Removing build directory C:\Users\Miguel\AppData\Local\Temp\tmpugfheuk6
