running build
running config_cc
unifing config_cc, config, build_clib, build_ext, build commands --compiler options
running config_fc
unifing config_fc, config, build_clib, build_ext, build commands --fcompiler options
running build_src
build_src
building extension "ummdp_yfunc_yld2000_2d" sources
f2py options: []
f2py:> C:\Users\Miguel\AppData\Local\Temp\tmp9lslwrzi\src.win-amd64-3.8\ummdp_yfunc_yld2000_2dmodule.c
creating C:\Users\Miguel\AppData\Local\Temp\tmp9lslwrzi\src.win-amd64-3.8
Reading fortran codes...
	Reading file 'ummdp_yfunc_yld2000_2d.f' (format:fix,strict)
Post-processing...
	Block: ummdp_yfunc_yld2000_2d
{'attrspec': ['dimension(6)', 'intent(in)']}
In: :ummdp_yfunc_yld2000_2d:ummdp_yfunc_yld2000_2d.f:jancae_yld2000_2d
vars2fortran: No typespec for argument "stress".
{'attrspec': ['intent(in)']}
In: :ummdp_yfunc_yld2000_2d:ummdp_yfunc_yld2000_2d.f:jancae_yld2000_2d
vars2fortran: No typespec for argument "ndyld".
{'attrspec': ['dimension(ndyld)', 'intent(in)', 'depend(ndyld)']}
In: :ummdp_yfunc_yld2000_2d:ummdp_yfunc_yld2000_2d.f:jancae_yld2000_2d
vars2fortran: No typespec for argument "pryld".
{'attrspec': ['intent(in)']}
In: :ummdp_yfunc_yld2000_2d:ummdp_yfunc_yld2000_2d.f:jancae_yld2000_2d
vars2fortran: No typespec for argument "nreq".
{'attrspec': ['intent(out)']}
In: :ummdp_yfunc_yld2000_2d:ummdp_yfunc_yld2000_2d.f:jancae_yld2000_2d
vars2fortran: No typespec for argument "se".
{'attrspec': ['dimension(3)', 'intent(out)', 'depend(3)']}
In: :ummdp_yfunc_yld2000_2d:ummdp_yfunc_yld2000_2d.f:jancae_yld2000_2d
vars2fortran: No typespec for argument "dseds".
			Block: jancae_yld2000_2d
{'attrspec': ['dimension(8)']}
In: :ummdp_yfunc_yld2000_2d:ummdp_yfunc_yld2000_2d.f:jancae_yld2000_2d_am
vars2fortran: No typespec for argument "a".
{'attrspec': ['dimension(2,3,3)']}
In: :ummdp_yfunc_yld2000_2d:ummdp_yfunc_yld2000_2d.f:jancae_yld2000_2d_am
vars2fortran: No typespec for argument "am".
			Block: jancae_yld2000_2d_am
{'attrspec': ['dimension(3)']}
In: :ummdp_yfunc_yld2000_2d:ummdp_yfunc_yld2000_2d.f:jancae_yld2000_2d_xyphi
vars2fortran: No typespec for argument "s".
{}
In: :ummdp_yfunc_yld2000_2d:ummdp_yfunc_yld2000_2d.f:jancae_yld2000_2d_xyphi
vars2fortran: No typespec for argument "em".
{'attrspec': ['dimension(2,3,3)']}
In: :ummdp_yfunc_yld2000_2d:ummdp_yfunc_yld2000_2d.f:jancae_yld2000_2d_xyphi
vars2fortran: No typespec for argument "am".
{'attrspec': ['dimension(2,2)']}
In: :ummdp_yfunc_yld2000_2d:ummdp_yfunc_yld2000_2d.f:jancae_yld2000_2d_xyphi
vars2fortran: No typespec for argument "xx".
{'attrspec': ['dimension(2,3)']}
In: :ummdp_yfunc_yld2000_2d:ummdp_yfunc_yld2000_2d.f:jancae_yld2000_2d_xyphi
vars2fortran: No typespec for argument "yy".
{'attrspec': ['dimension(2)']}
In: :ummdp_yfunc_yld2000_2d:ummdp_yfunc_yld2000_2d.f:jancae_yld2000_2d_xyphi
vars2fortran: No typespec for argument "phi".
			Block: jancae_yld2000_2d_xyphi
{}
In: :ummdp_yfunc_yld2000_2d:ummdp_yfunc_yld2000_2d.f:jancae_yld2000_2d_ds1
vars2fortran: No typespec for argument "em".
{'attrspec': ['dimension(2,3,3)']}
In: :ummdp_yfunc_yld2000_2d:ummdp_yfunc_yld2000_2d.f:jancae_yld2000_2d_ds1
vars2fortran: No typespec for argument "am".
{'attrspec': ['dimension(2,2)']}
In: :ummdp_yfunc_yld2000_2d:ummdp_yfunc_yld2000_2d.f:jancae_yld2000_2d_ds1
vars2fortran: No typespec for argument "xx".
{'attrspec': ['dimension(2,3)']}
In: :ummdp_yfunc_yld2000_2d:ummdp_yfunc_yld2000_2d.f:jancae_yld2000_2d_ds1
vars2fortran: No typespec for argument "yy".
{'attrspec': ['dimension(2)']}
In: :ummdp_yfunc_yld2000_2d:ummdp_yfunc_yld2000_2d.f:jancae_yld2000_2d_ds1
vars2fortran: No typespec for argument "phi".
{'attrspec': ['dimension(2)']}
In: :ummdp_yfunc_yld2000_2d:ummdp_yfunc_yld2000_2d.f:jancae_yld2000_2d_ds1
vars2fortran: No typespec for argument "dsedphi".
{'attrspec': ['dimension(2,2)']}
In: :ummdp_yfunc_yld2000_2d:ummdp_yfunc_yld2000_2d.f:jancae_yld2000_2d_ds1
vars2fortran: No typespec for argument "dphidx".
{'attrspec': ['dimension(2,2,3)']}
In: :ummdp_yfunc_yld2000_2d:ummdp_yfunc_yld2000_2d.f:jancae_yld2000_2d_ds1
vars2fortran: No typespec for argument "dxdy".
{'attrspec': ['dimension(2,3,3)']}
In: :ummdp_yfunc_yld2000_2d:ummdp_yfunc_yld2000_2d.f:jancae_yld2000_2d_ds1
vars2fortran: No typespec for argument "dyds".
{}
In: :ummdp_yfunc_yld2000_2d:ummdp_yfunc_yld2000_2d.f:jancae_yld2000_2d_ds1
vars2fortran: No typespec for argument "se".
			Block: jancae_yld2000_2d_ds1
Post-processing (stage 2)...
Building modules...
	Building module "ummdp_yfunc_yld2000_2d"...
		Constructing wrapper function "jancae_yld2000_2d"...
		  se,dseds = jancae_yld2000_2d(stress,ndyld,pryld,nreq)
		Constructing wrapper function "jancae_yld2000_2d_am"...
		  jancae_yld2000_2d_am(a,am)
		Constructing wrapper function "jancae_yld2000_2d_xyphi"...
		  jancae_yld2000_2d_xyphi(s,em,am,xx,yy,phi)
		Constructing wrapper function "jancae_yld2000_2d_ds1"...
		  jancae_yld2000_2d_ds1(em,am,xx,yy,phi,dsedphi,dphidx,dxdy,dyds,se)
	Wrote C/API module "ummdp_yfunc_yld2000_2d" to file "C:\Users\Miguel\AppData\Local\Temp\tmp9lslwrzi\src.win-amd64-3.8\ummdp_yfunc_yld2000_2dmodule.c"
  adding 'C:\Users\Miguel\AppData\Local\Temp\tmp9lslwrzi\src.win-amd64-3.8\fortranobject.c' to sources.
  adding 'C:\Users\Miguel\AppData\Local\Temp\tmp9lslwrzi\src.win-amd64-3.8' to include_dirs.
copying C:\Users\Miguel\miniconda3\lib\site-packages\numpy\f2py\src\fortranobject.c -> C:\Users\Miguel\AppData\Local\Temp\tmp9lslwrzi\src.win-amd64-3.8
copying C:\Users\Miguel\miniconda3\lib\site-packages\numpy\f2py\src\fortranobject.h -> C:\Users\Miguel\AppData\Local\Temp\tmp9lslwrzi\src.win-amd64-3.8
build_src: building npy-pkg config files
running build_ext
No module named 'numpy.distutils._msvccompiler' in numpy.distutils; trying from distutils
customize MSVCCompiler
customize MSVCCompiler using build_ext
customize IntelEM64VisualFCompiler
Found executable C:\Program Files (x86)\IntelSWTools\compilers_and_libraries_2018.5.274\windows\bin\intel64\ifort.exe
Could not locate executable C:\Program
customize IntelEM64VisualFCompiler using build_ext
building 'ummdp_yfunc_yld2000_2d' extension
compiling C sources
creating C:\Users\Miguel\AppData\Local\Temp\tmp9lslwrzi\Release\Users
creating C:\Users\Miguel\AppData\Local\Temp\tmp9lslwrzi\Release\Users\Miguel
creating C:\Users\Miguel\AppData\Local\Temp\tmp9lslwrzi\Release\Users\Miguel\AppData
creating C:\Users\Miguel\AppData\Local\Temp\tmp9lslwrzi\Release\Users\Miguel\AppData\Local
creating C:\Users\Miguel\AppData\Local\Temp\tmp9lslwrzi\Release\Users\Miguel\AppData\Local\Temp
creating C:\Users\Miguel\AppData\Local\Temp\tmp9lslwrzi\Release\Users\Miguel\AppData\Local\Temp\tmp9lslwrzi
creating C:\Users\Miguel\AppData\Local\Temp\tmp9lslwrzi\Release\Users\Miguel\AppData\Local\Temp\tmp9lslwrzi\src.win-amd64-3.8
C:\Program Files (x86)\Microsoft Visual Studio\VC\BIN\x86_amd64\cl.exe /c /nologo /Ox /W3 /GL /DNDEBUG /MD -IC:\Users\Miguel\AppData\Local\Temp\tmp9lslwrzi\src.win-amd64-3.8 -IC:\Users\Miguel\miniconda3\lib\site-packages\numpy\core\include -IC:\Users\Miguel\miniconda3\include -IC:\Users\Miguel\miniconda3\include -IC:\Program Files (x86)\Microsoft Visual Studio\VC\INCLUDE -IC:\Program Files (x86)\Microsoft Visual Studio\VC\ATLMFC\INCLUDE -IC:\Program Files (x86)\Windows Kits\10\include\10.0.10240.0\ucrt -IC:\Program Files (x86)\Windows Kits\NETFXSDK\4.6.1\include\um -IC:\Program Files (x86)\Windows Kits\8.1\include\\shared -IC:\Program Files (x86)\Windows Kits\8.1\include\\um -IC:\Program Files (x86)\Windows Kits\8.1\include\\winrt -IC:\Program Files (x86)\IntelSWTools\compilers_and_libraries_2018.5.274\windows\compiler\include -IC:\Program Files (x86)\IntelSWTools\compilers_and_libraries_2018.5.274\windows\compiler\include\intel64 -IC:\Program Files (x86)\Microsoft Visual Studio\VC\INCLUDE -IC:\Program Files (x86)\Microsoft Visual Studio\VC\ATLMFC\INCLUDE -IC:\Program Files (x86)\Windows Kits\10\include\10.0.10240.0\ucrt -IC:\Program Files (x86)\Windows Kits\NETFXSDK\4.6.1\include\um -IC:\Program Files (x86)\Windows Kits\8.1\include\\shared -IC:\Program Files (x86)\Windows Kits\8.1\include\\um -IC:\Program Files (x86)\Windows Kits\8.1\include\\winrt -IC:\Program Files (x86)\IntelSWTools\compilers_and_libraries_2018.5.274\windows\mpi\intel64\bin\..\..\intel64\include -IC:\Program Files (x86)\IntelSWTools\compilers_and_libraries_2018.5.274\windows\ipp\include -IC:\Program Files (x86)\IntelSWTools\compilers_and_libraries_2018.5.274\windows\mkl\include -IC:\Program Files (x86)\IntelSWTools\compilers_and_libraries_2018.5.274\windows\pstl\bin\..\include -IC:\Program Files (x86)\IntelSWTools\compilers_and_libraries_2018.5.274\windows\tbb\bin\..\include -IC:\Program Files (x86)\IntelSWTools\compilers_and_libraries_2018.5.274\windows\tbb\bin\..\include -IC:\Program Files (x86)\IntelSWTools\compilers_and_libraries_2018.5.274\windows\daal\include -IC:\Program Files (x86)\Microsoft Visual Studio\VC\INCLUDE -IC:\Program Files (x86)\Microsoft Visual Studio\VC\ATLMFC\INCLUDE -IC:\Program Files (x86)\Windows Kits\10\include\10.0.10240.0\ucrt -IC:\Program Files (x86)\Windows Kits\NETFXSDK\4.6.1\include\um -IC:\Program Files (x86)\Windows Kits\8.1\include\\shared -IC:\Program Files (x86)\Windows Kits\8.1\include\\um -IC:\Program Files (x86)\Windows Kits\8.1\include\\winrt -IC:\Program Files (x86)\IntelSWTools\compilers_and_libraries_2018.5.274\windows\compiler\include -IC:\Program Files (x86)\IntelSWTools\compilers_and_libraries_2018.5.274\windows\compiler\include\intel64 -IC:\Program Files (x86)\IntelSWTools\compilers_and_libraries_2018.5.274\windows\mpi\intel64\bin\..\..\intel64\include -IC:\Program Files (x86)\IntelSWTools\compilers_and_libraries_2018.5.274\windows\ipp\include -IC:\Program Files (x86)\IntelSWTools\compilers_and_libraries_2018.5.274\windows\mkl\include -IC:\Program Files (x86)\IntelSWTools\compilers_and_libraries_2018.5.274\windows\pstl\bin\..\include -IC:\Program Files (x86)\IntelSWTools\compilers_and_libraries_2018.5.274\windows\tbb\bin\..\include -IC:\Program Files (x86)\IntelSWTools\compilers_and_libraries_2018.5.274\windows\daal\include /TcC:\Users\Miguel\AppData\Local\Temp\tmp9lslwrzi\src.win-amd64-3.8\ummdp_yfunc_yld2000_2dmodule.c /FoC:\Users\Miguel\AppData\Local\Temp\tmp9lslwrzi\Release\Users\Miguel\AppData\Local\Temp\tmp9lslwrzi\src.win-amd64-3.8\ummdp_yfunc_yld2000_2dmodule.obj
C:\Program Files (x86)\Microsoft Visual Studio\VC\BIN\x86_amd64\cl.exe /c /nologo /Ox /W3 /GL /DNDEBUG /MD -IC:\Users\Miguel\AppData\Local\Temp\tmp9lslwrzi\src.win-amd64-3.8 -IC:\Users\Miguel\miniconda3\lib\site-packages\numpy\core\include -IC:\Users\Miguel\miniconda3\include -IC:\Users\Miguel\miniconda3\include -IC:\Program Files (x86)\Microsoft Visual Studio\VC\INCLUDE -IC:\Program Files (x86)\Microsoft Visual Studio\VC\ATLMFC\INCLUDE -IC:\Program Files (x86)\Windows Kits\10\include\10.0.10240.0\ucrt -IC:\Program Files (x86)\Windows Kits\NETFXSDK\4.6.1\include\um -IC:\Program Files (x86)\Windows Kits\8.1\include\\shared -IC:\Program Files (x86)\Windows Kits\8.1\include\\um -IC:\Program Files (x86)\Windows Kits\8.1\include\\winrt -IC:\Program Files (x86)\IntelSWTools\compilers_and_libraries_2018.5.274\windows\compiler\include -IC:\Program Files (x86)\IntelSWTools\compilers_and_libraries_2018.5.274\windows\compiler\include\intel64 -IC:\Program Files (x86)\Microsoft Visual Studio\VC\INCLUDE -IC:\Program Files (x86)\Microsoft Visual Studio\VC\ATLMFC\INCLUDE -IC:\Program Files (x86)\Windows Kits\10\include\10.0.10240.0\ucrt -IC:\Program Files (x86)\Windows Kits\NETFXSDK\4.6.1\include\um -IC:\Program Files (x86)\Windows Kits\8.1\include\\shared -IC:\Program Files (x86)\Windows Kits\8.1\include\\um -IC:\Program Files (x86)\Windows Kits\8.1\include\\winrt -IC:\Program Files (x86)\IntelSWTools\compilers_and_libraries_2018.5.274\windows\mpi\intel64\bin\..\..\intel64\include -IC:\Program Files (x86)\IntelSWTools\compilers_and_libraries_2018.5.274\windows\ipp\include -IC:\Program Files (x86)\IntelSWTools\compilers_and_libraries_2018.5.274\windows\mkl\include -IC:\Program Files (x86)\IntelSWTools\compilers_and_libraries_2018.5.274\windows\pstl\bin\..\include -IC:\Program Files (x86)\IntelSWTools\compilers_and_libraries_2018.5.274\windows\tbb\bin\..\include -IC:\Program Files (x86)\IntelSWTools\compilers_and_libraries_2018.5.274\windows\tbb\bin\..\include -IC:\Program Files (x86)\IntelSWTools\compilers_and_libraries_2018.5.274\windows\daal\include -IC:\Program Files (x86)\Microsoft Visual Studio\VC\INCLUDE -IC:\Program Files (x86)\Microsoft Visual Studio\VC\ATLMFC\INCLUDE -IC:\Program Files (x86)\Windows Kits\10\include\10.0.10240.0\ucrt -IC:\Program Files (x86)\Windows Kits\NETFXSDK\4.6.1\include\um -IC:\Program Files (x86)\Windows Kits\8.1\include\\shared -IC:\Program Files (x86)\Windows Kits\8.1\include\\um -IC:\Program Files (x86)\Windows Kits\8.1\include\\winrt -IC:\Program Files (x86)\IntelSWTools\compilers_and_libraries_2018.5.274\windows\compiler\include -IC:\Program Files (x86)\IntelSWTools\compilers_and_libraries_2018.5.274\windows\compiler\include\intel64 -IC:\Program Files (x86)\IntelSWTools\compilers_and_libraries_2018.5.274\windows\mpi\intel64\bin\..\..\intel64\include -IC:\Program Files (x86)\IntelSWTools\compilers_and_libraries_2018.5.274\windows\ipp\include -IC:\Program Files (x86)\IntelSWTools\compilers_and_libraries_2018.5.274\windows\mkl\include -IC:\Program Files (x86)\IntelSWTools\compilers_and_libraries_2018.5.274\windows\pstl\bin\..\include -IC:\Program Files (x86)\IntelSWTools\compilers_and_libraries_2018.5.274\windows\tbb\bin\..\include -IC:\Program Files (x86)\IntelSWTools\compilers_and_libraries_2018.5.274\windows\daal\include /TcC:\Users\Miguel\AppData\Local\Temp\tmp9lslwrzi\src.win-amd64-3.8\fortranobject.c /FoC:\Users\Miguel\AppData\Local\Temp\tmp9lslwrzi\Release\Users\Miguel\AppData\Local\Temp\tmp9lslwrzi\src.win-amd64-3.8\fortranobject.obj
compiling Fortran sources
Fortran f77 compiler: C:\Program Files (x86)\IntelSWTools\compilers_and_libraries_2018.5.274\windows\bin\intel64\ifort.exe Files (x86)\IntelSWTools\compilers_and_libraries_2018.5.274\windows\bin\intel64\ifort.exe /nologo /MD /nbs /names:lowercase /assume:underscore /heap-arrays:0
Fortran f90 compiler: C:\Program Files (x86)\IntelSWTools\compilers_and_libraries_2018.5.274\windows\bin\intel64\ifort.exe Files (x86)\IntelSWTools\compilers_and_libraries_2018.5.274\windows\bin\intel64\ifort.exe /nologo /MD /nbs /names:lowercase /assume:underscore /heap-arrays:0
Fortran fix compiler: C:\Program Files (x86)\IntelSWTools\compilers_and_libraries_2018.5.274\windows\bin\intel64\ifort.exe Files (x86)\IntelSWTools\compilers_and_libraries_2018.5.274\windows\bin\intel64\ifort.exe /nologo /MD /nbs /names:lowercase /assume:underscore /heap-arrays:0
compile options: '-IC:\Users\Miguel\AppData\Local\Temp\tmp9lslwrzi\src.win-amd64-3.8 -IC:\Users\Miguel\miniconda3\lib\site-packages\numpy\core\include -IC:\Users\Miguel\miniconda3\include -IC:\Users\Miguel\miniconda3\include -c'
ifort.exe:f77: ummdp_yfunc_yld2000_2d.f
ifort: command line warning #10161: unrecognized source type 'Files'; object file assumed
ifort: command line warning #10161: unrecognized source type '(x86)\IntelSWTools\compilers_and_libraries_2018.5.274\windows\bin\intel64\ifort.exe'; object file assumed
ifort: command line warning #10006: ignoring unknown option '/c '
ifort: warning #10145: no action performed for file 'Files'
ifort: warning #10145: no action performed for file '(x86)\IntelSWTools\compilers_and_libraries_2018.5.274\windows\bin\intel64\ifort.exe'
C:\Program Files (x86)\Microsoft Visual Studio\VC\BIN\x86_amd64\link.exe /nologo /INCREMENTAL:NO /LTCG /DLL /MANIFEST:EMBED,ID=2 /MANIFESTUAC:NO /LIBPATH:C:\Users\Miguel\miniconda3\libs /LIBPATH:C:\Users\Miguel\miniconda3\PCbuild\amd64 /LIBPATH:C:\Users\Miguel\miniconda3\libs /LIBPATH:C:\Users\Miguel\miniconda3\PCbuild\amd64 /LIBPATH:C:\Program Files (x86)\Microsoft Visual Studio\VC\LIB\amd64 /LIBPATH:C:\Program Files (x86)\Microsoft Visual Studio\VC\ATLMFC\LIB\amd64 /LIBPATH:C:\Program Files (x86)\Windows Kits\10\lib\10.0.10240.0\ucrt\x64 /LIBPATH:C:\Program Files (x86)\Windows Kits\NETFXSDK\4.6.1\lib\um\x64 /LIBPATH:C:\Program Files (x86)\Windows Kits\8.1\lib\winv6.3\um\x64 /LIBPATH:C:\Program Files (x86)\IntelSWTools\compilers_and_libraries_2018.5.274\windows\compiler\lib /LIBPATH:C:\Program Files (x86)\IntelSWTools\compilers_and_libraries_2018.5.274\windows\compiler\lib\intel64 /LIBPATH:C:\Program Files (x86)\IntelSWTools\compilers_and_libraries_2018.5.274\windows\compiler\lib\intel64_win /LIBPATH:C:\Program Files (x86)\Microsoft Visual Studio\VC\LIB\amd64 /LIBPATH:C:\Program Files (x86)\Microsoft Visual Studio\VC\ATLMFC\LIB\amd64 /LIBPATH:C:\Program Files (x86)\Windows Kits\10\lib\10.0.10240.0\ucrt\x64 /LIBPATH:C:\Program Files (x86)\Windows Kits\NETFXSDK\4.6.1\lib\um\x64 /LIBPATH:C:\Program Files (x86)\Windows Kits\8.1\lib\winv6.3\um\x64 /LIBPATH:C:\Program Files (x86)\IntelSWTools\compilers_and_libraries_2018.5.274\windows\mpi\intel64\bin\..\..\intel64\lib /LIBPATH:C:\Program Files (x86)\IntelSWTools\compilers_and_libraries_2018.5.274\windows\ipp\lib\intel64 /LIBPATH:C:\Program Files (x86)\IntelSWTools\compilers_and_libraries_2018.5.274\windows\mkl\lib\intel64_win /LIBPATH:C:\Program Files (x86)\IntelSWTools\compilers_and_libraries_2018.5.274\windows\compiler\lib\intel64_win /LIBPATH:C:\Program Files (x86)\IntelSWTools\compilers_and_libraries_2018.5.274\windows\tbb\bin\..\lib\intel64\vc_mt /LIBPATH:C:\Program Files (x86)\IntelSWTools\compilers_and_libraries_2018.5.274\windows\tbb\bin\..\lib\intel64\vc_mt /LIBPATH:C:\Program Files (x86)\IntelSWTools\compilers_and_libraries_2018.5.274\windows\daal\lib\intel64_win /LIBPATH:C:\Program Files (x86)\IntelSWTools\compilers_and_libraries_2018.5.274\windows\tbb\lib\intel64_win\vc_mt /LIBPATH:C:\Program Files (x86)\Microsoft Visual Studio\VC\LIB\amd64 /LIBPATH:C:\Program Files (x86)\Microsoft Visual Studio\VC\ATLMFC\LIB\amd64 /LIBPATH:C:\Program Files (x86)\Windows Kits\10\lib\10.0.10240.0\ucrt\x64 /LIBPATH:C:\Program Files (x86)\Windows Kits\NETFXSDK\4.6.1\lib\um\x64 /LIBPATH:C:\Program Files (x86)\Windows Kits\8.1\lib\winv6.3\um\x64 /LIBPATH:C:\Program Files (x86)\IntelSWTools\compilers_and_libraries_2018.5.274\windows\compiler\lib /LIBPATH:C:\Program Files (x86)\IntelSWTools\compilers_and_libraries_2018.5.274\windows\compiler\lib\intel64 /LIBPATH:C:\Program Files (x86)\IntelSWTools\compilers_and_libraries_2018.5.274\windows\compiler\lib\intel64_win /LIBPATH:C:\Program Files (x86)\IntelSWTools\compilers_and_libraries_2018.5.274\windows\mpi\intel64\bin\..\..\intel64\lib /LIBPATH:C:\Program Files (x86)\IntelSWTools\compilers_and_libraries_2018.5.274\windows\ipp\lib\intel64 /LIBPATH:C:\Program Files (x86)\IntelSWTools\compilers_and_libraries_2018.5.274\windows\mkl\lib\intel64_win /LIBPATH:C:\Program Files (x86)\IntelSWTools\compilers_and_libraries_2018.5.274\windows\tbb\bin\..\lib\intel64\vc_mt /LIBPATH:C:\Program Files (x86)\IntelSWTools\compilers_and_libraries_2018.5.274\windows\daal\lib\intel64_win /LIBPATH:C:\Program Files (x86)\IntelSWTools\compilers_and_libraries_2018.5.274\windows\tbb\lib\intel64_win\vc_mt /EXPORT:PyInit_ummdp_yfunc_yld2000_2d C:\Users\Miguel\AppData\Local\Temp\tmp9lslwrzi\Release\Users\Miguel\AppData\Local\Temp\tmp9lslwrzi\src.win-amd64-3.8\ummdp_yfunc_yld2000_2dmodule.obj C:\Users\Miguel\AppData\Local\Temp\tmp9lslwrzi\Release\Users\Miguel\AppData\Local\Temp\tmp9lslwrzi\src.win-amd64-3.8\fortranobject.obj C:\Users\Miguel\AppData\Local\Temp\tmp9lslwrzi\Release\ummdp_yfunc_yld2000_2d.o /OUT:.\ummdp_yfunc_yld2000_2d.cp38-win_amd64.pyd /IMPLIB:C:\Users\Miguel\AppData\Local\Temp\tmp9lslwrzi\Release\Users\Miguel\AppData\Local\Temp\tmp9lslwrzi\src.win-amd64-3.8\ummdp_yfunc_yld2000_2d.cp38-win_amd64.lib
Removing build directory C:\Users\Miguel\AppData\Local\Temp\tmp9lslwrzi
