running build
running config_cc
unifing config_cc, config, build_clib, build_ext, build commands --compiler options
running config_fc
unifing config_fc, config, build_clib, build_ext, build commands --fcompiler options
running build_src
build_src
building extension "ummdp_yfunc_cpb2006" sources
f2py options: []
f2py:> C:\Users\Miguel\AppData\Local\Temp\tmp6wwr77_7\src.win-amd64-3.8\ummdp_yfunc_cpb2006module.c
creating C:\Users\Miguel\AppData\Local\Temp\tmp6wwr77_7\src.win-amd64-3.8
Reading fortran codes...
	Reading file 'ummdp_yfunc_cpb2006.f' (format:fix,strict)
Post-processing...
	Block: ummdp_yfunc_cpb2006
{'attrspec': ['dimension(6)', 'intent(in)']}
In: :ummdp_yfunc_cpb2006:ummdp_yfunc_cpb2006.f:jancae_cpb2006
vars2fortran: No typespec for argument "stress".
{'attrspec': ['intent(in)']}
In: :ummdp_yfunc_cpb2006:ummdp_yfunc_cpb2006.f:jancae_cpb2006
vars2fortran: No typespec for argument "ndyld".
{'attrspec': ['dimension(ndyld)', 'intent(in)', 'depend(ndyld)']}
In: :ummdp_yfunc_cpb2006:ummdp_yfunc_cpb2006.f:jancae_cpb2006
vars2fortran: No typespec for argument "pryld".
{'attrspec': ['intent(in)']}
In: :ummdp_yfunc_cpb2006:ummdp_yfunc_cpb2006.f:jancae_cpb2006
vars2fortran: No typespec for argument "nreq".
{'attrspec': ['intent(out)']}
In: :ummdp_yfunc_cpb2006:ummdp_yfunc_cpb2006.f:jancae_cpb2006
vars2fortran: No typespec for argument "se".
{'attrspec': ['dimension(6)', 'intent(out)', 'depend(6)']}
In: :ummdp_yfunc_cpb2006:ummdp_yfunc_cpb2006.f:jancae_cpb2006
vars2fortran: No typespec for argument "dseds".
			Block: jancae_cpb2006
{'attrspec': ['dimension(nv)']}
In: :ummdp_yfunc_cpb2006:ummdp_yfunc_cpb2006.f:jancae_mv
vars2fortran: No typespec for argument "v".
{'attrspec': ['dimension(nv,nu)']}
In: :ummdp_yfunc_cpb2006:ummdp_yfunc_cpb2006.f:jancae_mv
vars2fortran: No typespec for argument "a".
{'attrspec': ['dimension(nu)']}
In: :ummdp_yfunc_cpb2006:ummdp_yfunc_cpb2006.f:jancae_mv
vars2fortran: No typespec for argument "u".
{}
In: :ummdp_yfunc_cpb2006:ummdp_yfunc_cpb2006.f:jancae_mv
vars2fortran: No typespec for argument "nv".
{}
In: :ummdp_yfunc_cpb2006:ummdp_yfunc_cpb2006.f:jancae_mv
vars2fortran: No typespec for argument "nu".
			Block: jancae_mv
Post-processing (stage 2)...
Building modules...
	Building module "ummdp_yfunc_cpb2006"...
		Constructing wrapper function "jancae_cpb2006"...
		  se,dseds = jancae_cpb2006(stress,ndyld,pryld,nreq)
		Constructing wrapper function "jancae_mv"...
		  jancae_mv(v,a,u,[nv,nu])
	Wrote C/API module "ummdp_yfunc_cpb2006" to file "C:\Users\Miguel\AppData\Local\Temp\tmp6wwr77_7\src.win-amd64-3.8\ummdp_yfunc_cpb2006module.c"
  adding 'C:\Users\Miguel\AppData\Local\Temp\tmp6wwr77_7\src.win-amd64-3.8\fortranobject.c' to sources.
  adding 'C:\Users\Miguel\AppData\Local\Temp\tmp6wwr77_7\src.win-amd64-3.8' to include_dirs.
copying C:\Users\Miguel\miniconda3\lib\site-packages\numpy\f2py\src\fortranobject.c -> C:\Users\Miguel\AppData\Local\Temp\tmp6wwr77_7\src.win-amd64-3.8
copying C:\Users\Miguel\miniconda3\lib\site-packages\numpy\f2py\src\fortranobject.h -> C:\Users\Miguel\AppData\Local\Temp\tmp6wwr77_7\src.win-amd64-3.8
build_src: building npy-pkg config files
running build_ext
No module named 'numpy.distutils._msvccompiler' in numpy.distutils; trying from distutils
customize MSVCCompiler
customize MSVCCompiler using build_ext
customize IntelEM64VisualFCompiler
Found executable C:\Program Files (x86)\Intel\oneAPI\compiler\2021.2.0\windows\bin\intel64\ifort.exe
Could not locate executable C:\Program
customize IntelEM64VisualFCompiler using build_ext
building 'ummdp_yfunc_cpb2006' extension
compiling C sources
creating C:\Users\Miguel\AppData\Local\Temp\tmp6wwr77_7\Release\Users
creating C:\Users\Miguel\AppData\Local\Temp\tmp6wwr77_7\Release\Users\Miguel
creating C:\Users\Miguel\AppData\Local\Temp\tmp6wwr77_7\Release\Users\Miguel\AppData
creating C:\Users\Miguel\AppData\Local\Temp\tmp6wwr77_7\Release\Users\Miguel\AppData\Local
creating C:\Users\Miguel\AppData\Local\Temp\tmp6wwr77_7\Release\Users\Miguel\AppData\Local\Temp
creating C:\Users\Miguel\AppData\Local\Temp\tmp6wwr77_7\Release\Users\Miguel\AppData\Local\Temp\tmp6wwr77_7
creating C:\Users\Miguel\AppData\Local\Temp\tmp6wwr77_7\Release\Users\Miguel\AppData\Local\Temp\tmp6wwr77_7\src.win-amd64-3.8
C:\Program Files (x86)\Microsoft Visual Studio\2019\Community\VC\Tools\MSVC\14.29.30133\bin\HostX86\x64\cl.exe /c /nologo /Ox /W3 /GL /DNDEBUG /MD -DNPY_DISABLE_OPTIMIZATION=1 -IC:\Users\Miguel\AppData\Local\Temp\tmp6wwr77_7\src.win-amd64-3.8 -IC:\Users\Miguel\miniconda3\lib\site-packages\numpy\core\include -IC:\Users\Miguel\miniconda3\include -IC:\Users\Miguel\miniconda3\include -IC:\Program Files (x86)\Microsoft Visual Studio\2019\Community\VC\Tools\MSVC\14.29.30133\ATLMFC\include -IC:\Program Files (x86)\Microsoft Visual Studio\2019\Community\VC\Tools\MSVC\14.29.30133\include -IC:\Program Files (x86)\Windows Kits\NETFXSDK\4.6.1\include\um -IC:\Program Files (x86)\Windows Kits\10\include\10.0.19041.0\ucrt -IC:\Program Files (x86)\Windows Kits\10\include\10.0.19041.0\shared -IC:\Program Files (x86)\Windows Kits\10\include\10.0.19041.0\um -IC:\Program Files (x86)\Windows Kits\10\include\10.0.19041.0\winrt -IC:\Program Files (x86)\Windows Kits\10\include\10.0.19041.0\cppwinrt -IC:\Program Files (x86)\Intel\oneAPI\compiler\2021.2.0\windows\include -IC:\Program Files (x86)\Intel\oneAPI\compiler\2021.2.0\windows\compiler\include -IC:\Program Files (x86)\Intel\oneAPI\compiler\2021.2.0\windows\compiler\include\intel64 -IC:\Program Files (x86)\Microsoft Visual Studio\2019\Community\VC\Tools\MSVC\14.29.30133\ATLMFC\include -IC:\Program Files (x86)\Microsoft Visual Studio\2019\Community\VC\Tools\MSVC\14.29.30133\include -IC:\Program Files (x86)\Windows Kits\NETFXSDK\4.6.1\include\um -IC:\Program Files (x86)\Windows Kits\10\include\10.0.19041.0\ucrt -IC:\Program Files (x86)\Windows Kits\10\include\10.0.19041.0\shared -IC:\Program Files (x86)\Windows Kits\10\include\10.0.19041.0\um -IC:\Program Files (x86)\Windows Kits\10\include\10.0.19041.0\winrt -IC:\Program Files (x86)\Windows Kits\10\include\10.0.19041.0\cppwinrt /TcC:\Users\Miguel\AppData\Local\Temp\tmp6wwr77_7\src.win-amd64-3.8\ummdp_yfunc_cpb2006module.c /FoC:\Users\Miguel\AppData\Local\Temp\tmp6wwr77_7\Release\Users\Miguel\AppData\Local\Temp\tmp6wwr77_7\src.win-amd64-3.8\ummdp_yfunc_cpb2006module.obj
C:\Program Files (x86)\Microsoft Visual Studio\2019\Community\VC\Tools\MSVC\14.29.30133\bin\HostX86\x64\cl.exe /c /nologo /Ox /W3 /GL /DNDEBUG /MD -DNPY_DISABLE_OPTIMIZATION=1 -IC:\Users\Miguel\AppData\Local\Temp\tmp6wwr77_7\src.win-amd64-3.8 -IC:\Users\Miguel\miniconda3\lib\site-packages\numpy\core\include -IC:\Users\Miguel\miniconda3\include -IC:\Users\Miguel\miniconda3\include -IC:\Program Files (x86)\Microsoft Visual Studio\2019\Community\VC\Tools\MSVC\14.29.30133\ATLMFC\include -IC:\Program Files (x86)\Microsoft Visual Studio\2019\Community\VC\Tools\MSVC\14.29.30133\include -IC:\Program Files (x86)\Windows Kits\NETFXSDK\4.6.1\include\um -IC:\Program Files (x86)\Windows Kits\10\include\10.0.19041.0\ucrt -IC:\Program Files (x86)\Windows Kits\10\include\10.0.19041.0\shared -IC:\Program Files (x86)\Windows Kits\10\include\10.0.19041.0\um -IC:\Program Files (x86)\Windows Kits\10\include\10.0.19041.0\winrt -IC:\Program Files (x86)\Windows Kits\10\include\10.0.19041.0\cppwinrt -IC:\Program Files (x86)\Intel\oneAPI\compiler\2021.2.0\windows\include -IC:\Program Files (x86)\Intel\oneAPI\compiler\2021.2.0\windows\compiler\include -IC:\Program Files (x86)\Intel\oneAPI\compiler\2021.2.0\windows\compiler\include\intel64 -IC:\Program Files (x86)\Microsoft Visual Studio\2019\Community\VC\Tools\MSVC\14.29.30133\ATLMFC\include -IC:\Program Files (x86)\Microsoft Visual Studio\2019\Community\VC\Tools\MSVC\14.29.30133\include -IC:\Program Files (x86)\Windows Kits\NETFXSDK\4.6.1\include\um -IC:\Program Files (x86)\Windows Kits\10\include\10.0.19041.0\ucrt -IC:\Program Files (x86)\Windows Kits\10\include\10.0.19041.0\shared -IC:\Program Files (x86)\Windows Kits\10\include\10.0.19041.0\um -IC:\Program Files (x86)\Windows Kits\10\include\10.0.19041.0\winrt -IC:\Program Files (x86)\Windows Kits\10\include\10.0.19041.0\cppwinrt /TcC:\Users\Miguel\AppData\Local\Temp\tmp6wwr77_7\src.win-amd64-3.8\fortranobject.c /FoC:\Users\Miguel\AppData\Local\Temp\tmp6wwr77_7\Release\Users\Miguel\AppData\Local\Temp\tmp6wwr77_7\src.win-amd64-3.8\fortranobject.obj
compiling Fortran sources
Fortran f77 compiler: C:\Program Files (x86)\Intel\oneAPI\compiler\2021.2.0\windows\bin\intel64\ifort.exe Files (x86)\Intel\oneAPI\compiler\2021.2.0\windows\bin\intel64\ifort.exe /nologo /MD /nbs /names:lowercase /assume:underscore /heap-arrays:0
Fortran f90 compiler: C:\Program Files (x86)\Intel\oneAPI\compiler\2021.2.0\windows\bin\intel64\ifort.exe Files (x86)\Intel\oneAPI\compiler\2021.2.0\windows\bin\intel64\ifort.exe /nologo /MD /nbs /names:lowercase /assume:underscore /heap-arrays:0
Fortran fix compiler: C:\Program Files (x86)\Intel\oneAPI\compiler\2021.2.0\windows\bin\intel64\ifort.exe Files (x86)\Intel\oneAPI\compiler\2021.2.0\windows\bin\intel64\ifort.exe /nologo /MD /nbs /names:lowercase /assume:underscore /heap-arrays:0
compile options: '-IC:\Users\Miguel\AppData\Local\Temp\tmp6wwr77_7\src.win-amd64-3.8 -IC:\Users\Miguel\miniconda3\lib\site-packages\numpy\core\include -IC:\Users\Miguel\miniconda3\include -IC:\Users\Miguel\miniconda3\include -c'
ifort.exe:f77: ummdp_yfunc_cpb2006.f
ifort: command line warning #10161: unrecognized source type 'Files'; object file assumed
ifort: command line warning #10161: unrecognized source type '(x86)\Intel\oneAPI\compiler\2021.2.0\windows\bin\intel64\ifort.exe'; object file assumed
ifort: command line warning #10006: ignoring unknown option '/c '
ifort: warning #10145: no action performed for file 'Files'
ifort: warning #10145: no action performed for file '(x86)\Intel\oneAPI\compiler\2021.2.0\windows\bin\intel64\ifort.exe'
C:\Program Files (x86)\Microsoft Visual Studio\2019\Community\VC\Tools\MSVC\14.29.30133\bin\HostX86\x64\link.exe /nologo /INCREMENTAL:NO /LTCG /DLL /MANIFEST:EMBED,ID=2 /MANIFESTUAC:NO /LIBPATH:C:\Users\Miguel\miniconda3\libs /LIBPATH:C:\Users\Miguel\miniconda3\PCbuild\amd64 /LIBPATH:C:\Users\Miguel\miniconda3\libs /LIBPATH:C:\Users\Miguel\miniconda3\PCbuild\amd64 /LIBPATH:C:\Program Files (x86)\Microsoft Visual Studio\2019\Community\VC\Tools\MSVC\14.29.30133\ATLMFC\lib\x64 /LIBPATH:C:\Program Files (x86)\Microsoft Visual Studio\2019\Community\VC\Tools\MSVC\14.29.30133\lib\x64 /LIBPATH:C:\Program Files (x86)\Windows Kits\NETFXSDK\4.6.1\lib\um\x64 /LIBPATH:C:\Program Files (x86)\Windows Kits\10\lib\10.0.19041.0\ucrt\x64 /LIBPATH:C:\Program Files (x86)\Windows Kits\10\lib\10.0.19041.0\um\x64 /LIBPATH:C:\Program Files (x86)\Intel\oneAPI\compiler\2021.2.0\windows\compiler\lib /LIBPATH:C:\Program Files (x86)\Intel\oneAPI\compiler\2021.2.0\windows\compiler\lib\intel64_win /LIBPATH:C:\Program Files (x86)\Intel\oneAPI\compiler\2021.2.0\windows\lib /LIBPATH:C:\Program Files (x86)\Intel\oneAPI\compiler\2021.2.0\windows\lib\x64 /LIBPATH:C:\Program Files (x86)\Microsoft Visual Studio\2019\Community\VC\Tools\MSVC\14.29.30133\ATLMFC\lib\x64 /LIBPATH:C:\Program Files (x86)\Microsoft Visual Studio\2019\Community\VC\Tools\MSVC\14.29.30133\lib\x64 /LIBPATH:C:\Program Files (x86)\Windows Kits\NETFXSDK\4.6.1\lib\um\x64 /LIBPATH:C:\Program Files (x86)\Windows Kits\10\lib\10.0.19041.0\ucrt\x64 /LIBPATH:C:\Program Files (x86)\Windows Kits\10\lib\10.0.19041.0\um\x64 /EXPORT:PyInit_ummdp_yfunc_cpb2006 C:\Users\Miguel\AppData\Local\Temp\tmp6wwr77_7\Release\Users\Miguel\AppData\Local\Temp\tmp6wwr77_7\src.win-amd64-3.8\ummdp_yfunc_cpb2006module.obj C:\Users\Miguel\AppData\Local\Temp\tmp6wwr77_7\Release\Users\Miguel\AppData\Local\Temp\tmp6wwr77_7\src.win-amd64-3.8\fortranobject.obj C:\Users\Miguel\AppData\Local\Temp\tmp6wwr77_7\Release\ummdp_yfunc_cpb2006.o /OUT:.\ummdp_yfunc_cpb2006.cp38-win_amd64.pyd /IMPLIB:C:\Users\Miguel\AppData\Local\Temp\tmp6wwr77_7\Release\Users\Miguel\AppData\Local\Temp\tmp6wwr77_7\src.win-amd64-3.8\ummdp_yfunc_cpb2006.cp38-win_amd64.lib
Removing build directory C:\Users\Miguel\AppData\Local\Temp\tmp6wwr77_7
